<?xml version="1.0" encoding="UTF-8" standalone="no"?>
<testsuite errors="0" failures="0" name="io.cucumber.core.plugin.JUnitFormatter" skipped="0" tests="3" time="77.174">
    <testcase classname="Create and Delete a playlist" name="Create new playlist" time="33.607">
        <system-out><![CDATA[Given I login to app........................................................passed
And If I see Loading element I wait until it disappear......................passed
And I click element Navigation.Playlists....................................passed
And If I see Loading element I wait until it disappear......................passed
And I click element Playlists.CreateNewPlaylist_btn.........................passed
And I input text Test playlist 2 to field Playlists.NewPlaylist_txtbox......passed
And I click element Playlists.Create_btn....................................passed
Then I can see text Test playlist 2.........................................passed
]]></system-out>
    </testcase>
    <testcase classname="Create and Delete a playlist" name="Delete playlist name" time="33.381">
        <system-out><![CDATA[Given I login to app........................................................passed
And I click element Navigation.Playlists....................................passed
And If I see Loading element I wait until it disappear......................passed
And I input text Test playlist 2 to field Playlists.Search..................passed
And If I see Loading element I wait until it disappear......................passed
And I click element Playlists.item_3dots....................................passed
And I click element Playlists.item_delete...................................passed
And I click element Playlists.item_delete_Yes...............................passed
And If I see Loading element I wait until it disappear......................passed
Then I cannot see text Test playlist 2......................................passed
]]></system-out>
    </testcase>
    <testcase classname="Test feature" name="Test Scenarios" time="10.078">
        <system-out><![CDATA[Given I login to app........................................................passed
]]></system-out>
    </testcase>
</testsuite>
