<?xml version="1.0" encoding="UTF-8" standalone="no"?>
<testsuite errors="0" failures="1" name="io.cucumber.core.plugin.JUnitFormatter" skipped="0" tests="1" time="26.434">
    <testcase classname="Test feature" name="Test Scenarios" time="26.325">
        <failure message="Couldn't find field and value in locators.json for input Navigation.Playlists1Please refer exact path of your web element from locators.json. The standard format should be (pageName.webElement) e.g loginPage.password" type="java.lang.RuntimeException"><![CDATA[Given I login to app........................................................passed
And If I see Loading element I wait until it disappear......................passed
And I click element Navigation.Playlists1...................................failed

StackTrace:
java.lang.RuntimeException: Couldn't find field and value in locators.json for input Navigation.Playlists1Please refer exact path of your web element from locators.json. The standard format should be (pageName.webElement) e.g loginPage.password
	at dataHelper.DataHelper.getLocatorsData(DataHelper.java:17)
	at steps.StepAction.clickElement(StepAction.java:39)
	at steps.StepDef.i_click_element(StepDef.java:55)
	at âœ½.I click element Navigation.Playlists1(file:///C:/Users/ASUS%20ROG/IdeaProjects/CucumberProject/src/test/java/features/test2.feature:6)
]]></failure>
    </testcase>
</testsuite>
