<?xml version="1.0" encoding="UTF-8"?>
<testsuite xmlns:xsi="http://www.w3.org/2001/XMLSchema-instance" xsi:noNamespaceSchemaLocation="https://maven.apache.org/surefire/maven-surefire-plugin/xsd/surefire-test-report.xsd" name="TestRunner" time="26.899" tests="1" errors="1" skipped="0" failures="0">
  <properties>
[...]
</properties>
  <testcase name="Test Scenarios" classname="Test feature" time="26.375">
    <error message="Couldn&apos;t find field and value in locators.json for input Navigation.Playlists1Please refer exact path of your web element from locators.json. The standard format should be (pageName.webElement) e.g loginPage.password" type="java.lang.RuntimeException">java.lang.RuntimeException: Couldn't find field and value in locators.json for input Navigation.Playlists1Please refer exact path of your web element from locators.json. The standard format should be (pageName.webElement) e.g loginPage.password
</error>
    <system-out><![CDATA[Launching Chrome browser...
[INFO ] 25-02-2023 10:56:45 [main] Log - Login to app successfully..!!
[INFO ] 25-02-2023 10:56:45 [main] Log - Checking for loading
[INFO ] 25-02-2023 10:56:56 [main] Log - No loading element detected
Completed test! Close browser
]]></system-out>
    <system-err><![CDATA[SLF4J: Failed to load class "org.slf4j.impl.StaticLoggerBinder".
SLF4J: Defaulting to no-operation (NOP) logger implementation
SLF4J: See http://www.slf4j.org/codes.html#StaticLoggerBinder for further details.
Starting ChromeDriver 110.0.5481.77 (65ed616c6e8ee3fe0ad64fe83796c020644d42af-refs/branch-heads/5481@{#839}) on port 51421
Only local connections are allowed.
Please see https://chromedriver.chromium.org/security-considerations for suggestions on keeping ChromeDriver safe.
ChromeDriver was started successfully.
[1677297393.730][WARNING]: virtual void DevToolsClientImpl::AddListener(DevToolsEventListener *) subscribing a listener to the already connected DevToolsClient. Connection notification will not arrive.
Feb 25, 2023 10:56:33 AM org.openqa.selenium.remote.ProtocolHandshake createSession
INFO: Detected dialect: W3C
Feb 25, 2023 10:56:33 AM org.openqa.selenium.devtools.CdpVersionFinder findNearestMatch
WARNING: Unable to find an exact match for CDP version 110, so returning the closest version found: a no-op implementation
Feb 25, 2023 10:56:33 AM org.openqa.selenium.devtools.CdpVersionFinder findNearestMatch
INFO: Unable to find CDP implementation matching 110.
Feb 25, 2023 10:56:33 AM org.openqa.selenium.chromium.ChromiumDriver lambda$new$3
WARNING: Unable to find version of CDP to use for . You may need to include a dependency on a specific version of the CDP using something similar to `org.seleniumhq.selenium:selenium-devtools-v86:4.1.1` where the version ("v86") matches the version of the chromium-based browser you're using and the version number of the artifact is the same as Selenium's.
]]></system-err>
  </testcase>
</testsuite>