-------------------------------------------------------------------------------
Test set: TestRunner
-------------------------------------------------------------------------------
Tests run: 3, Failures: 2, Errors: 0, Skipped: 0, Time elapsed: 88.565 s <<< FAILURE! - in TestRunner
Create new playlist(Create and Delete a playlist)  Time elapsed: 31.625 s  <<< FAILURE!
java.lang.AssertionError

Delete playlist name(Create and Delete a playlist)  Time elapsed: 39.488 s  <<< FAILURE!
java.lang.AssertionError

